=PROGRESS REPORT==== 6-Dec-2022::15:16:31.463000 ===
    supervisor: {local,logger_sup}
    started: [{pid,<0.89.0>},
              {id,error_logger},
              {mfargs,{error_logger,start_link,[]}},
              {restart_type,transient},
              {shutdown,2000},
              {child_type,worker}]

=PROGRESS REPORT==== 6-Dec-2022::15:16:31.467000 ===
    supervisor: {local,sasl_safe_sup}
    started: [{pid,<0.92.0>},
              {id,alarm_handler},
              {mfargs,{alarm_handler,start_link,[]}},
              {restart_type,permanent},
              {shutdown,2000},
              {child_type,worker}]

=PROGRESS REPORT==== 6-Dec-2022::15:16:31.467000 ===
    supervisor: {local,sasl_sup}
    started: [{pid,<0.91.0>},
              {id,sasl_safe_sup},
              {mfargs,{supervisor,start_link,
                                  [{local,sasl_safe_sup},sasl,safe]}},
              {restart_type,permanent},
              {shutdown,infinity},
              {child_type,supervisor}]

=PROGRESS REPORT==== 6-Dec-2022::15:16:31.471000 ===
    supervisor: {local,sasl_sup}
    started: [{pid,<0.93.0>},
              {id,release_handler},
              {mfargs,{release_handler,start_link,[]}},
              {restart_type,permanent},
              {shutdown,2000},
              {child_type,worker}]

=PROGRESS REPORT==== 6-Dec-2022::15:16:31.471000 ===
    application: sasl
    started_at: 'sd1@127.0.0.1'

=PROGRESS REPORT==== 6-Dec-2022::15:16:31.514000 ===
    application: crypto
    started_at: 'sd1@127.0.0.1'

=PROGRESS REPORT==== 6-Dec-2022::15:16:31.576000 ===
    supervisor: {local,inet_gethost_native_sup}
    started: [{pid,<0.108.0>},{mfa,{inet_gethost_native,init,[[]]}}]

=PROGRESS REPORT==== 6-Dec-2022::15:16:31.576000 ===
    supervisor: {local,kernel_safe_sup}
    started: [{pid,<0.107.0>},
              {id,inet_gethost_native_sup},
              {mfargs,{inet_gethost_native,start_link,[]}},
              {restart_type,temporary},
              {shutdown,1000},
              {child_type,worker}]

=PROGRESS REPORT==== 6-Dec-2022::15:16:31.596000 ===
    supervisor: {local,sd_gateway_sup}
    started: [{pid,<0.112.0>},
              {id,sd_gateway},
              {mfargs,{sd_gateway,start_link,[5566]}},
              {restart_type,permanent},
              {shutdown,10000},
              {child_type,supervisor}]

=PROGRESS REPORT==== 6-Dec-2022::15:16:31.603000 ===
    supervisor: {local,sd_gateway_sup}
    started: [{pid,<0.115.0>},
              {id,mod_disperse},
              {mfargs,{mod_disperse,start_link,["127.0.0.1",5566,0]}},
              {restart_type,permanent},
              {shutdown,10000},
              {child_type,supervisor}]

=PROGRESS REPORT==== 6-Dec-2022::15:16:31.603000 ===
    application: gateway
    started_at: 'sd1@127.0.0.1'

=PROGRESS REPORT==== 6-Dec-2022::15:18:18.324000 ===
    supervisor: {local,logger_sup}
    started: [{pid,<0.89.0>},
              {id,error_logger},
              {mfargs,{error_logger,start_link,[]}},
              {restart_type,transient},
              {shutdown,2000},
              {child_type,worker}]

=PROGRESS REPORT==== 6-Dec-2022::15:18:18.381000 ===
    supervisor: {local,sasl_safe_sup}
    started: [{pid,<0.93.0>},
              {id,alarm_handler},
              {mfargs,{alarm_handler,start_link,[]}},
              {restart_type,permanent},
              {shutdown,2000},
              {child_type,worker}]

=PROGRESS REPORT==== 6-Dec-2022::15:18:18.381000 ===
    supervisor: {local,sasl_sup}
    started: [{pid,<0.92.0>},
              {id,sasl_safe_sup},
              {mfargs,{supervisor,start_link,
                                  [{local,sasl_safe_sup},sasl,safe]}},
              {restart_type,permanent},
              {shutdown,infinity},
              {child_type,supervisor}]

=PROGRESS REPORT==== 6-Dec-2022::15:18:18.389000 ===
    supervisor: {local,sasl_sup}
    started: [{pid,<0.94.0>},
              {id,release_handler},
              {mfargs,{release_handler,start_link,[]}},
              {restart_type,permanent},
              {shutdown,2000},
              {child_type,worker}]

=PROGRESS REPORT==== 6-Dec-2022::15:18:18.390000 ===
    application: sasl
    started_at: 'sd1@127.0.0.1'

=PROGRESS REPORT==== 6-Dec-2022::15:18:18.436000 ===
    application: crypto
    started_at: 'sd1@127.0.0.1'

=PROGRESS REPORT==== 6-Dec-2022::15:18:18.494000 ===
    supervisor: {local,inet_gethost_native_sup}
    started: [{pid,<0.108.0>},{mfa,{inet_gethost_native,init,[[]]}}]

=PROGRESS REPORT==== 6-Dec-2022::15:18:18.494000 ===
    supervisor: {local,kernel_safe_sup}
    started: [{pid,<0.107.0>},
              {id,inet_gethost_native_sup},
              {mfargs,{inet_gethost_native,start_link,[]}},
              {restart_type,temporary},
              {shutdown,1000},
              {child_type,worker}]

=PROGRESS REPORT==== 6-Dec-2022::15:18:18.510000 ===
    supervisor: {local,sd_gateway_sup}
    started: [{pid,<0.112.0>},
              {id,sd_gateway},
              {mfargs,{sd_gateway,start_link,[5566]}},
              {restart_type,permanent},
              {shutdown,10000},
              {child_type,supervisor}]

=PROGRESS REPORT==== 6-Dec-2022::15:18:18.522000 ===
    supervisor: {local,sd_gateway_sup}
    started: [{pid,<0.115.0>},
              {id,mod_disperse},
              {mfargs,{mod_disperse,start_link,["127.0.0.1",5566,0]}},
              {restart_type,permanent},
              {shutdown,10000},
              {child_type,supervisor}]

=PROGRESS REPORT==== 6-Dec-2022::15:18:18.522000 ===
    application: gateway
    started_at: 'sd1@127.0.0.1'

=PROGRESS REPORT==== 6-Dec-2022::15:24:18.778000 ===
    supervisor: {local,logger_sup}
    started: [{pid,<0.89.0>},
              {id,error_logger},
              {mfargs,{error_logger,start_link,[]}},
              {restart_type,transient},
              {shutdown,2000},
              {child_type,worker}]

=PROGRESS REPORT==== 6-Dec-2022::15:24:18.785000 ===
    supervisor: {local,sasl_safe_sup}
    started: [{pid,<0.93.0>},
              {id,alarm_handler},
              {mfargs,{alarm_handler,start_link,[]}},
              {restart_type,permanent},
              {shutdown,2000},
              {child_type,worker}]

=PROGRESS REPORT==== 6-Dec-2022::15:24:18.785000 ===
    supervisor: {local,sasl_sup}
    started: [{pid,<0.92.0>},
              {id,sasl_safe_sup},
              {mfargs,{supervisor,start_link,
                                  [{local,sasl_safe_sup},sasl,safe]}},
              {restart_type,permanent},
              {shutdown,infinity},
              {child_type,supervisor}]

=PROGRESS REPORT==== 6-Dec-2022::15:24:18.789000 ===
    supervisor: {local,sasl_sup}
    started: [{pid,<0.94.0>},
              {id,release_handler},
              {mfargs,{release_handler,start_link,[]}},
              {restart_type,permanent},
              {shutdown,2000},
              {child_type,worker}]

=PROGRESS REPORT==== 6-Dec-2022::15:24:18.789000 ===
    application: sasl
    started_at: 'sd1@127.0.0.1'

=PROGRESS REPORT==== 6-Dec-2022::15:24:19.084000 ===
    supervisor: {local,inet_gethost_native_sup}
    started: [{pid,<0.108.0>},{mfa,{inet_gethost_native,init,[[]]}}]

=PROGRESS REPORT==== 6-Dec-2022::15:24:19.084000 ===
    supervisor: {local,kernel_safe_sup}
    started: [{pid,<0.107.0>},
              {id,inet_gethost_native_sup},
              {mfargs,{inet_gethost_native,start_link,[]}},
              {restart_type,temporary},
              {shutdown,1000},
              {child_type,worker}]

=PROGRESS REPORT==== 6-Dec-2022::15:24:19.981000 ===
    application: crypto
    started_at: 'sd1@127.0.0.1'

=PROGRESS REPORT==== 6-Dec-2022::15:24:20.051000 ===
    supervisor: {local,sd_gateway_sup}
    started: [{pid,<0.128.0>},
              {id,sd_gateway},
              {mfargs,{sd_gateway,start_link,[5566]}},
              {restart_type,permanent},
              {shutdown,10000},
              {child_type,supervisor}]

=PROGRESS REPORT==== 6-Dec-2022::15:24:20.059000 ===
    supervisor: {local,sd_gateway_sup}
    started: [{pid,<0.131.0>},
              {id,mod_disperse},
              {mfargs,{mod_disperse,start_link,["127.0.0.1",5566,0]}},
              {restart_type,permanent},
              {shutdown,10000},
              {child_type,supervisor}]

=PROGRESS REPORT==== 6-Dec-2022::15:24:20.059000 ===
    application: gateway
    started_at: 'sd1@127.0.0.1'

=PROGRESS REPORT==== 6-Dec-2022::15:27:10.354000 ===
    supervisor: {local,logger_sup}
    started: [{pid,<0.89.0>},
              {id,error_logger},
              {mfargs,{error_logger,start_link,[]}},
              {restart_type,transient},
              {shutdown,2000},
              {child_type,worker}]

=PROGRESS REPORT==== 6-Dec-2022::15:27:10.358000 ===
    supervisor: {local,sasl_safe_sup}
    started: [{pid,<0.92.0>},
              {id,alarm_handler},
              {mfargs,{alarm_handler,start_link,[]}},
              {restart_type,permanent},
              {shutdown,2000},
              {child_type,worker}]

=PROGRESS REPORT==== 6-Dec-2022::15:27:10.358000 ===
    supervisor: {local,sasl_sup}
    started: [{pid,<0.91.0>},
              {id,sasl_safe_sup},
              {mfargs,{supervisor,start_link,
                                  [{local,sasl_safe_sup},sasl,safe]}},
              {restart_type,permanent},
              {shutdown,infinity},
              {child_type,supervisor}]

=PROGRESS REPORT==== 6-Dec-2022::15:27:10.362000 ===
    supervisor: {local,sasl_sup}
    started: [{pid,<0.93.0>},
              {id,release_handler},
              {mfargs,{release_handler,start_link,[]}},
              {restart_type,permanent},
              {shutdown,2000},
              {child_type,worker}]

=PROGRESS REPORT==== 6-Dec-2022::15:27:10.362000 ===
    application: sasl
    started_at: 'sd1@127.0.0.1'

=PROGRESS REPORT==== 6-Dec-2022::15:27:10.413000 ===
    supervisor: {local,inet_gethost_native_sup}
    started: [{pid,<0.108.0>},{mfa,{inet_gethost_native,init,[[]]}}]

=PROGRESS REPORT==== 6-Dec-2022::15:27:10.413000 ===
    supervisor: {local,kernel_safe_sup}
    started: [{pid,<0.107.0>},
              {id,inet_gethost_native_sup},
              {mfargs,{inet_gethost_native,start_link,[]}},
              {restart_type,temporary},
              {shutdown,1000},
              {child_type,worker}]

=PROGRESS REPORT==== 6-Dec-2022::15:27:11.065000 ===
    application: crypto
    started_at: 'sd1@127.0.0.1'

=PROGRESS REPORT==== 6-Dec-2022::15:27:11.137000 ===
    supervisor: {local,sd_gateway_sup}
    started: [{pid,<0.128.0>},
              {id,sd_gateway},
              {mfargs,{sd_gateway,start_link,[5566]}},
              {restart_type,permanent},
              {shutdown,10000},
              {child_type,supervisor}]

=PROGRESS REPORT==== 6-Dec-2022::15:27:11.148000 ===
    supervisor: {local,sd_gateway_sup}
    started: [{pid,<0.131.0>},
              {id,mod_disperse},
              {mfargs,{mod_disperse,start_link,["127.0.0.1",5566,0]}},
              {restart_type,permanent},
              {shutdown,10000},
              {child_type,supervisor}]

=PROGRESS REPORT==== 6-Dec-2022::15:27:11.149000 ===
    application: gateway
    started_at: 'sd1@127.0.0.1'

=PROGRESS REPORT==== 6-Dec-2022::15:34:38.324000 ===
    supervisor: {local,logger_sup}
    started: [{pid,<0.89.0>},
              {id,error_logger},
              {mfargs,{error_logger,start_link,[]}},
              {restart_type,transient},
              {shutdown,2000},
              {child_type,worker}]

=PROGRESS REPORT==== 6-Dec-2022::15:34:38.328000 ===
    supervisor: {local,sasl_safe_sup}
    started: [{pid,<0.92.0>},
              {id,alarm_handler},
              {mfargs,{alarm_handler,start_link,[]}},
              {restart_type,permanent},
              {shutdown,2000},
              {child_type,worker}]

=PROGRESS REPORT==== 6-Dec-2022::15:34:38.328000 ===
    supervisor: {local,sasl_sup}
    started: [{pid,<0.91.0>},
              {id,sasl_safe_sup},
              {mfargs,{supervisor,start_link,
                                  [{local,sasl_safe_sup},sasl,safe]}},
              {restart_type,permanent},
              {shutdown,infinity},
              {child_type,supervisor}]

=PROGRESS REPORT==== 6-Dec-2022::15:34:38.332000 ===
    supervisor: {local,sasl_sup}
    started: [{pid,<0.93.0>},
              {id,release_handler},
              {mfargs,{release_handler,start_link,[]}},
              {restart_type,permanent},
              {shutdown,2000},
              {child_type,worker}]

=PROGRESS REPORT==== 6-Dec-2022::15:34:38.332000 ===
    application: sasl
    started_at: 'sd1@127.0.0.1'

=PROGRESS REPORT==== 6-Dec-2022::15:34:38.405000 ===
    supervisor: {local,inet_gethost_native_sup}
    started: [{pid,<0.108.0>},{mfa,{inet_gethost_native,init,[[]]}}]

=PROGRESS REPORT==== 6-Dec-2022::15:34:38.405000 ===
    supervisor: {local,kernel_safe_sup}
    started: [{pid,<0.107.0>},
              {id,inet_gethost_native_sup},
              {mfargs,{inet_gethost_native,start_link,[]}},
              {restart_type,temporary},
              {shutdown,1000},
              {child_type,worker}]

=PROGRESS REPORT==== 6-Dec-2022::15:34:39.026000 ===
    application: crypto
    started_at: 'sd1@127.0.0.1'

=PROGRESS REPORT==== 6-Dec-2022::15:34:39.097000 ===
    supervisor: {local,sd_gateway_sup}
    started: [{pid,<0.128.0>},
              {id,sd_gateway},
              {mfargs,{sd_gateway,start_link,[5566]}},
              {restart_type,permanent},
              {shutdown,10000},
              {child_type,supervisor}]

=PROGRESS REPORT==== 6-Dec-2022::15:34:39.124000 ===
    supervisor: {local,sd_gateway_sup}
    started: [{pid,<0.131.0>},
              {id,mod_disperse},
              {mfargs,{mod_disperse,start_link,["127.0.0.1",5566,0]}},
              {restart_type,permanent},
              {shutdown,10000},
              {child_type,supervisor}]

=PROGRESS REPORT==== 6-Dec-2022::15:34:39.128000 ===
    application: gateway
    started_at: 'sd1@127.0.0.1'

=PROGRESS REPORT==== 6-Dec-2022::15:35:58.482000 ===
    supervisor: {local,logger_sup}
    started: [{pid,<0.89.0>},
              {id,error_logger},
              {mfargs,{error_logger,start_link,[]}},
              {restart_type,transient},
              {shutdown,2000},
              {child_type,worker}]

=PROGRESS REPORT==== 6-Dec-2022::15:35:58.487000 ===
    supervisor: {local,sasl_safe_sup}
    started: [{pid,<0.92.0>},
              {id,alarm_handler},
              {mfargs,{alarm_handler,start_link,[]}},
              {restart_type,permanent},
              {shutdown,2000},
              {child_type,worker}]

=PROGRESS REPORT==== 6-Dec-2022::15:35:58.487000 ===
    supervisor: {local,sasl_sup}
    started: [{pid,<0.91.0>},
              {id,sasl_safe_sup},
              {mfargs,{supervisor,start_link,
                                  [{local,sasl_safe_sup},sasl,safe]}},
              {restart_type,permanent},
              {shutdown,infinity},
              {child_type,supervisor}]

=PROGRESS REPORT==== 6-Dec-2022::15:35:58.492000 ===
    supervisor: {local,sasl_sup}
    started: [{pid,<0.94.0>},
              {id,release_handler},
              {mfargs,{release_handler,start_link,[]}},
              {restart_type,permanent},
              {shutdown,2000},
              {child_type,worker}]

=PROGRESS REPORT==== 6-Dec-2022::15:35:58.492000 ===
    application: sasl
    started_at: 'sd1@127.0.0.1'

=PROGRESS REPORT==== 6-Dec-2022::15:35:58.536000 ===
    supervisor: {local,inet_gethost_native_sup}
    started: [{pid,<0.108.0>},{mfa,{inet_gethost_native,init,[[]]}}]

=PROGRESS REPORT==== 6-Dec-2022::15:35:58.536000 ===
    supervisor: {local,kernel_safe_sup}
    started: [{pid,<0.107.0>},
              {id,inet_gethost_native_sup},
              {mfargs,{inet_gethost_native,start_link,[]}},
              {restart_type,temporary},
              {shutdown,1000},
              {child_type,worker}]

=PROGRESS REPORT==== 6-Dec-2022::15:35:59.168000 ===
    application: crypto
    started_at: 'sd1@127.0.0.1'

=PROGRESS REPORT==== 6-Dec-2022::15:35:59.232000 ===
    supervisor: {local,sd_gateway_sup}
    started: [{pid,<0.128.0>},
              {id,sd_gateway},
              {mfargs,{sd_gateway,start_link,[5566]}},
              {restart_type,permanent},
              {shutdown,10000},
              {child_type,supervisor}]

=PROGRESS REPORT==== 6-Dec-2022::15:35:59.250000 ===
    supervisor: {local,sd_gateway_sup}
    started: [{pid,<0.131.0>},
              {id,mod_disperse},
              {mfargs,{mod_disperse,start_link,["127.0.0.1",5566,0]}},
              {restart_type,permanent},
              {shutdown,10000},
              {child_type,supervisor}]

=PROGRESS REPORT==== 6-Dec-2022::15:35:59.252000 ===
    application: gateway
    started_at: 'sd1@127.0.0.1'

=PROGRESS REPORT==== 6-Dec-2022::15:36:10.338000 ===
    supervisor: {local,logger_sup}
    started: [{pid,<0.89.0>},
              {id,error_logger},
              {mfargs,{error_logger,start_link,[]}},
              {restart_type,transient},
              {shutdown,2000},
              {child_type,worker}]

=PROGRESS REPORT==== 6-Dec-2022::15:36:10.342000 ===
    supervisor: {local,sasl_safe_sup}
    started: [{pid,<0.92.0>},
              {id,alarm_handler},
              {mfargs,{alarm_handler,start_link,[]}},
              {restart_type,permanent},
              {shutdown,2000},
              {child_type,worker}]

=PROGRESS REPORT==== 6-Dec-2022::15:36:10.342000 ===
    supervisor: {local,sasl_sup}
    started: [{pid,<0.91.0>},
              {id,sasl_safe_sup},
              {mfargs,{supervisor,start_link,
                                  [{local,sasl_safe_sup},sasl,safe]}},
              {restart_type,permanent},
              {shutdown,infinity},
              {child_type,supervisor}]

=PROGRESS REPORT==== 6-Dec-2022::15:36:10.346000 ===
    supervisor: {local,sasl_sup}
    started: [{pid,<0.93.0>},
              {id,release_handler},
              {mfargs,{release_handler,start_link,[]}},
              {restart_type,permanent},
              {shutdown,2000},
              {child_type,worker}]

=PROGRESS REPORT==== 6-Dec-2022::15:36:10.346000 ===
    application: sasl
    started_at: 'sd1@127.0.0.1'

=PROGRESS REPORT==== 6-Dec-2022::15:36:10.392000 ===
    supervisor: {local,inet_gethost_native_sup}
    started: [{pid,<0.108.0>},{mfa,{inet_gethost_native,init,[[]]}}]

=PROGRESS REPORT==== 6-Dec-2022::15:36:10.396000 ===
    supervisor: {local,kernel_safe_sup}
    started: [{pid,<0.107.0>},
              {id,inet_gethost_native_sup},
              {mfargs,{inet_gethost_native,start_link,[]}},
              {restart_type,temporary},
              {shutdown,1000},
              {child_type,worker}]

=PROGRESS REPORT==== 6-Dec-2022::15:36:11.035000 ===
    application: crypto
    started_at: 'sd1@127.0.0.1'

=PROGRESS REPORT==== 6-Dec-2022::15:36:11.103000 ===
    supervisor: {local,sd_gateway_sup}
    started: [{pid,<0.128.0>},
              {id,sd_gateway},
              {mfargs,{sd_gateway,start_link,[5566]}},
              {restart_type,permanent},
              {shutdown,10000},
              {child_type,supervisor}]

=PROGRESS REPORT==== 6-Dec-2022::15:36:11.112000 ===
    supervisor: {local,sd_gateway_sup}
    started: [{pid,<0.131.0>},
              {id,mod_disperse},
              {mfargs,{mod_disperse,start_link,["127.0.0.1",5566,0]}},
              {restart_type,permanent},
              {shutdown,10000},
              {child_type,supervisor}]

=PROGRESS REPORT==== 6-Dec-2022::15:36:11.113000 ===
    application: gateway
    started_at: 'sd1@127.0.0.1'

