=PROGRESS REPORT==== 8-Dec-2022::10:21:56.173000 ===
    supervisor: {local,logger_sup}
    started: [{pid,<0.89.0>},
              {id,error_logger},
              {mfargs,{error_logger,start_link,[]}},
              {restart_type,transient},
              {shutdown,2000},
              {child_type,worker}]

=PROGRESS REPORT==== 8-Dec-2022::10:21:56.182000 ===
    supervisor: {local,sasl_safe_sup}
    started: [{pid,<0.92.0>},
              {id,alarm_handler},
              {mfargs,{alarm_handler,start_link,[]}},
              {restart_type,permanent},
              {shutdown,2000},
              {child_type,worker}]

=PROGRESS REPORT==== 8-Dec-2022::10:21:56.182000 ===
    supervisor: {local,sasl_sup}
    started: [{pid,<0.91.0>},
              {id,sasl_safe_sup},
              {mfargs,{supervisor,start_link,
                                  [{local,sasl_safe_sup},sasl,safe]}},
              {restart_type,permanent},
              {shutdown,infinity},
              {child_type,supervisor}]

=PROGRESS REPORT==== 8-Dec-2022::10:21:56.185000 ===
    supervisor: {local,sasl_sup}
    started: [{pid,<0.93.0>},
              {id,release_handler},
              {mfargs,{release_handler,start_link,[]}},
              {restart_type,permanent},
              {shutdown,2000},
              {child_type,worker}]

=PROGRESS REPORT==== 8-Dec-2022::10:21:56.185000 ===
    application: sasl
    started_at: 'sd2@127.0.0.1'

=PROGRESS REPORT==== 8-Dec-2022::10:21:56.235000 ===
    supervisor: {local,inet_gethost_native_sup}
    started: [{pid,<0.107.0>},{mfa,{inet_gethost_native,init,[[]]}}]

=PROGRESS REPORT==== 8-Dec-2022::10:21:56.236000 ===
    supervisor: {local,kernel_safe_sup}
    started: [{pid,<0.106.0>},
              {id,inet_gethost_native_sup},
              {mfargs,{inet_gethost_native,start_link,[]}},
              {restart_type,temporary},
              {shutdown,1000},
              {child_type,worker}]

=PROGRESS REPORT==== 8-Dec-2022::10:24:29.143000 ===
    supervisor: {local,logger_sup}
    started: [{pid,<0.89.0>},
              {id,error_logger},
              {mfargs,{error_logger,start_link,[]}},
              {restart_type,transient},
              {shutdown,2000},
              {child_type,worker}]

=PROGRESS REPORT==== 8-Dec-2022::10:24:29.151000 ===
    supervisor: {local,sasl_safe_sup}
    started: [{pid,<0.92.0>},
              {id,alarm_handler},
              {mfargs,{alarm_handler,start_link,[]}},
              {restart_type,permanent},
              {shutdown,2000},
              {child_type,worker}]

=PROGRESS REPORT==== 8-Dec-2022::10:24:29.151000 ===
    supervisor: {local,sasl_sup}
    started: [{pid,<0.91.0>},
              {id,sasl_safe_sup},
              {mfargs,{supervisor,start_link,
                                  [{local,sasl_safe_sup},sasl,safe]}},
              {restart_type,permanent},
              {shutdown,infinity},
              {child_type,supervisor}]

=PROGRESS REPORT==== 8-Dec-2022::10:24:29.154000 ===
    supervisor: {local,sasl_sup}
    started: [{pid,<0.93.0>},
              {id,release_handler},
              {mfargs,{release_handler,start_link,[]}},
              {restart_type,permanent},
              {shutdown,2000},
              {child_type,worker}]

=PROGRESS REPORT==== 8-Dec-2022::10:24:29.154000 ===
    application: sasl
    started_at: 'sd2@127.0.0.1'

=PROGRESS REPORT==== 8-Dec-2022::10:24:29.210000 ===
    supervisor: {local,inet_gethost_native_sup}
    started: [{pid,<0.107.0>},{mfa,{inet_gethost_native,init,[[]]}}]

=PROGRESS REPORT==== 8-Dec-2022::10:24:29.210000 ===
    supervisor: {local,kernel_safe_sup}
    started: [{pid,<0.106.0>},
              {id,inet_gethost_native_sup},
              {mfargs,{inet_gethost_native,start_link,[]}},
              {restart_type,temporary},
              {shutdown,1000},
              {child_type,worker}]

=PROGRESS REPORT==== 8-Dec-2022::10:30:14.934000 ===
    supervisor: {local,logger_sup}
    started: [{pid,<0.89.0>},
              {id,error_logger},
              {mfargs,{error_logger,start_link,[]}},
              {restart_type,transient},
              {shutdown,2000},
              {child_type,worker}]

=PROGRESS REPORT==== 8-Dec-2022::10:30:14.938000 ===
    supervisor: {local,sasl_safe_sup}
    started: [{pid,<0.92.0>},
              {id,alarm_handler},
              {mfargs,{alarm_handler,start_link,[]}},
              {restart_type,permanent},
              {shutdown,2000},
              {child_type,worker}]

=PROGRESS REPORT==== 8-Dec-2022::10:30:14.942000 ===
    supervisor: {local,sasl_sup}
    started: [{pid,<0.91.0>},
              {id,sasl_safe_sup},
              {mfargs,{supervisor,start_link,
                                  [{local,sasl_safe_sup},sasl,safe]}},
              {restart_type,permanent},
              {shutdown,infinity},
              {child_type,supervisor}]

=PROGRESS REPORT==== 8-Dec-2022::10:30:14.942000 ===
    supervisor: {local,sasl_sup}
    started: [{pid,<0.93.0>},
              {id,release_handler},
              {mfargs,{release_handler,start_link,[]}},
              {restart_type,permanent},
              {shutdown,2000},
              {child_type,worker}]

=PROGRESS REPORT==== 8-Dec-2022::10:30:14.942000 ===
    application: sasl
    started_at: 'sd2@127.0.0.1'

=PROGRESS REPORT==== 8-Dec-2022::10:30:14.996000 ===
    supervisor: {local,inet_gethost_native_sup}
    started: [{pid,<0.108.0>},{mfa,{inet_gethost_native,init,[[]]}}]

=PROGRESS REPORT==== 8-Dec-2022::10:30:14.996000 ===
    supervisor: {local,kernel_safe_sup}
    started: [{pid,<0.107.0>},
              {id,inet_gethost_native_sup},
              {mfargs,{inet_gethost_native,start_link,[]}},
              {restart_type,temporary},
              {shutdown,1000},
              {child_type,worker}]

=PROGRESS REPORT==== 8-Dec-2022::10:30:15.775000 ===
    application: crypto
    started_at: 'sd2@127.0.0.1'

=PROGRESS REPORT==== 8-Dec-2022::10:30:15.861000 ===
    supervisor: {local,sd_sup}
    started: [{pid,<0.121.0>},
              {id,mod_kernel},
              {mfargs,{mod_kernel,start_link,[]}},
              {restart_type,permanent},
              {shutdown,10000},
              {child_type,supervisor}]

=PROGRESS REPORT==== 8-Dec-2022::10:30:15.873000 ===
    supervisor: {local,sd_sup}
    started: [{pid,<0.129.0>},
              {id,mod_disperse},
              {mfargs,{mod_disperse,start_link,["127.0.0.1",7788,1]}},
              {restart_type,permanent},
              {shutdown,10000},
              {child_type,supervisor}]

=PROGRESS REPORT==== 8-Dec-2022::10:30:15.873000 ===
    supervisor: {local,sd_sup}
    started: [{pid,<0.130.0>},
              {id,mod_rand},
              {mfargs,{mod_rand,start_link,[]}},
              {restart_type,permanent},
              {shutdown,10000},
              {child_type,supervisor}]

=PROGRESS REPORT==== 8-Dec-2022::10:30:15.873000 ===
    supervisor: {local,sd_sup}
    started: [{pid,<0.131.0>},
              {id,sd_tcp_client_sup},
              {mfargs,{sd_tcp_client_sup,start_link,[]}},
              {restart_type,transient},
              {shutdown,infinity},
              {child_type,supervisor}]

=PROGRESS REPORT==== 8-Dec-2022::10:30:15.873000 ===
    supervisor: {<0.132.0>,sd_tcp_listener_sup}
    started: [{pid,<0.133.0>},
              {id,sd_tcp_acceptor_sup},
              {mfargs,{sd_tcp_acceptor_sup,start_link,[]}},
              {restart_type,transient},
              {shutdown,infinity},
              {child_type,supervisor}]

=PROGRESS REPORT==== 8-Dec-2022::10:30:15.877000 ===
    supervisor: {<0.132.0>,sd_tcp_listener_sup}
    started: [{pid,<0.134.0>},
              {id,sd_tcp_listener},
              {mfargs,{sd_tcp_listener,start_link,[10,7788]}},
              {restart_type,transient},
              {shutdown,100},
              {child_type,worker}]

=PROGRESS REPORT==== 8-Dec-2022::10:30:15.877000 ===
    supervisor: {local,sd_sup}
    started: [{pid,<0.132.0>},
              {id,sd_tcp_listener_sup},
              {mfargs,{sd_tcp_listener_sup,start_link,[7788]}},
              {restart_type,transient},
              {shutdown,infinity},
              {child_type,supervisor}]

=PROGRESS REPORT==== 8-Dec-2022::10:30:15.877000 ===
    supervisor: {local,sd_sup}
    started: [{pid,<0.145.0>},
              {id,mod_mon_create},
              {mfargs,{mod_mon_create,start_link,[]}},
              {restart_type,permanent},
              {shutdown,10000},
              {child_type,supervisor}]

=PROGRESS REPORT==== 8-Dec-2022::10:30:15.877000 ===
    supervisor: {local,sd_sup}
    started: [{pid,<0.146.0>},
              {id,mod_npc_create},
              {mfargs,{mod_npc_create,start_link,[]}},
              {restart_type,permanent},
              {shutdown,10000},
              {child_type,supervisor}]

=PROGRESS REPORT==== 8-Dec-2022::10:30:15.904000 ===
    supervisor: {local,sd_sup}
    started: [{pid,<0.147.0>},
              {id,mod_scene},
              {mfargs,{mod_scene,start_link,[]}},
              {restart_type,permanent},
              {shutdown,10000},
              {child_type,supervisor}]

=PROGRESS REPORT==== 8-Dec-2022::10:30:15.904000 ===
    supervisor: {local,sd_sup}
    started: [{pid,<0.594.0>},
              {id,mod_task},
              {mfargs,{mod_task,start_link,[]}},
              {restart_type,permanent},
              {shutdown,10000},
              {child_type,supervisor}]

=PROGRESS REPORT==== 8-Dec-2022::10:30:15.908000 ===
    supervisor: {local,sd_sup}
    started: [{pid,<0.595.0>},
              {id,mod_guild},
              {mfargs,{mod_guild,start_link,[]}},
              {restart_type,permanent},
              {shutdown,10000},
              {child_type,supervisor}]

=PROGRESS REPORT==== 8-Dec-2022::10:30:15.914000 ===
    supervisor: {local,sd_sup}
    started: [{pid,<0.598.0>},
              {id,mod_pet},
              {mfargs,{mod_pet,start_link,[]}},
              {restart_type,permanent},
              {shutdown,10000},
              {child_type,supervisor}]

=PROGRESS REPORT==== 8-Dec-2022::10:30:15.918000 ===
    supervisor: {local,sd_sup}
    started: [{pid,<0.602.0>},
              {id,mod_mail},
              {mfargs,{mod_mail,start_link,[]}},
              {restart_type,permanent},
              {shutdown,10000},
              {child_type,supervisor}]

=PROGRESS REPORT==== 8-Dec-2022::10:30:15.918000 ===
    supervisor: {local,sd_sup}
    started: [{pid,<0.603.0>},
              {id,mod_rank},
              {mfargs,{mod_rank,start_link,[]}},
              {restart_type,permanent},
              {shutdown,10000},
              {child_type,supervisor}]

=PROGRESS REPORT==== 8-Dec-2022::10:30:15.922000 ===
    supervisor: {local,sd_sup}
    started: [{pid,<0.605.0>},
              {id,timer_frame},
              {mfargs,{timer_frame,start_link,[]}},
              {restart_type,permanent},
              {shutdown,10000},
              {child_type,supervisor}]

=PROGRESS REPORT==== 8-Dec-2022::10:30:15.941000 ===
    application: server
    started_at: 'sd2@127.0.0.1'

=CRASH REPORT==== 8-Dec-2022::10:31:31.681000 ===
  crasher:
    initial call: sd_reader:init/0
    pid: <0.624.0>
    registered_name: []
    exception exit: {unexpected_message,{error,no_match}}
      in function  sd_reader:login_lost/4 (src/sd_reader.erl, line 234)
    ancestors: [sd_tcp_client_sup,sd_sup,<0.98.0>]
    message_queue_len: 0
    messages: []
    links: [<0.131.0>]
    dictionary: []
    trap_exit: true
    status: running
    heap_size: 376
    stack_size: 28
    reductions: 733
  neighbours:

=SUPERVISOR REPORT==== 8-Dec-2022::10:31:31.686000 ===
    supervisor: {local,sd_tcp_client_sup}
    errorContext: child_terminated
    reason: {unexpected_message,{error,no_match}}
    offender: [{pid,<0.624.0>},
               {id,sd_reader},
               {mfargs,{sd_reader,start_link,undefined}},
               {restart_type,temporary},
               {shutdown,brutal_kill},
               {child_type,worker}]

=CRASH REPORT==== 8-Dec-2022::11:38:04.055000 ===
  crasher:
    initial call: sd_reader:init/0
    pid: <0.1454.0>
    registered_name: []
    exception exit: {unexpected_message,
                        {inet_async,#Port<0.18>,0,{error,closed}}}
      in function  sd_reader:login_lost/4 (src/sd_reader.erl, line 234)
    ancestors: [sd_tcp_client_sup,sd_sup,<0.98.0>]
    message_queue_len: 0
    messages: []
    links: [<0.131.0>]
    dictionary: []
    trap_exit: true
    status: running
    heap_size: 233
    stack_size: 28
    reductions: 653
  neighbours:

=SUPERVISOR REPORT==== 8-Dec-2022::11:38:04.057000 ===
    supervisor: {local,sd_tcp_client_sup}
    errorContext: child_terminated
    reason: {unexpected_message,{inet_async,#Port<0.18>,0,{error,closed}}}
    offender: [{pid,<0.1454.0>},
               {id,sd_reader},
               {mfargs,{sd_reader,start_link,undefined}},
               {restart_type,temporary},
               {shutdown,brutal_kill},
               {child_type,worker}]

=CRASH REPORT==== 8-Dec-2022::11:41:30.611000 ===
  crasher:
    initial call: sd_reader:init/0
    pid: <0.1539.0>
    registered_name: []
    exception exit: {unexpected_message,
                        {inet_async,#Port<0.19>,0,{error,closed}}}
      in function  sd_reader:login_lost/4 (src/sd_reader.erl, line 234)
    ancestors: [sd_tcp_client_sup,sd_sup,<0.98.0>]
    message_queue_len: 0
    messages: []
    links: [<0.131.0>]
    dictionary: []
    trap_exit: true
    status: running
    heap_size: 233
    stack_size: 28
    reductions: 489
  neighbours:

=SUPERVISOR REPORT==== 8-Dec-2022::11:41:30.611000 ===
    supervisor: {local,sd_tcp_client_sup}
    errorContext: child_terminated
    reason: {unexpected_message,{inet_async,#Port<0.19>,0,{error,closed}}}
    offender: [{pid,<0.1539.0>},
               {id,sd_reader},
               {mfargs,{sd_reader,start_link,undefined}},
               {restart_type,temporary},
               {shutdown,brutal_kill},
               {child_type,worker}]

